------------------------------------------------------------------------------------
Date: 4/20/2020 -- 09:45:58 (uptime: 0d, 00h 00m 00s)
------------------------------------------------------------------------------------
Counter                                       | TM Name                   | Value
------------------------------------------------------------------------------------
decoder.pkts                                  | Total                     | 189
decoder.bytes                                 | Total                     | 84905
decoder.ipv4                                  | Total                     | 188
decoder.ethernet                              | Total                     | 189
decoder.tcp                                   | Total                     | 167
decoder.udp                                   | Total                     | 21
decoder.avg_pkt_size                          | Total                     | 449
decoder.max_pkt_size                          | Total                     | 1494
flow.tcp                                      | Total                     | 15
flow.udp                                      | Total                     | 9
tcp.sessions                                  | Total                     | 13
tcp.syn                                       | Total                     | 18
tcp.synack                                    | Total                     | 8
tcp.rst                                       | Total                     | 1
app_layer.flow.tls                            | Total                     | 8
app_layer.flow.dns_udp                        | Total                     | 8
app_layer.tx.dns_udp                          | Total                     | 16
app_layer.flow.failed_udp                     | Total                     | 1
flow.spare                                    | Total                     | 10000
flow_mgr.flows_checked                        | Total                     | 2
flow_mgr.flows_notimeout                      | Total                     | 2
flow_mgr.rows_checked                         | Total                     | 65536
flow_mgr.rows_skipped                         | Total                     | 65534
flow_mgr.rows_maxlen                          | Total                     | 1
tcp.memuse                                    | Total                     | 2293760
tcp.reassembly_memuse                         | Total                     | 393216
flow.memuse                                   | Total                     | 7482176
------------------------------------------------------------------------------------
Date: 4/20/2020 -- 09:46:29 (uptime: 0d, 00h 00m 00s)
------------------------------------------------------------------------------------
Counter                                       | TM Name                   | Value
------------------------------------------------------------------------------------
decoder.pkts                                  | Total                     | 189
decoder.bytes                                 | Total                     | 84905
decoder.ipv4                                  | Total                     | 188
decoder.ethernet                              | Total                     | 189
decoder.tcp                                   | Total                     | 167
decoder.udp                                   | Total                     | 21
decoder.avg_pkt_size                          | Total                     | 449
decoder.max_pkt_size                          | Total                     | 1494
flow.tcp                                      | Total                     | 15
flow.udp                                      | Total                     | 9
tcp.sessions                                  | Total                     | 13
tcp.syn                                       | Total                     | 18
tcp.synack                                    | Total                     | 8
tcp.rst                                       | Total                     | 1
app_layer.flow.tls                            | Total                     | 8
app_layer.flow.dns_udp                        | Total                     | 8
app_layer.tx.dns_udp                          | Total                     | 16
app_layer.flow.failed_udp                     | Total                     | 1
flow.spare                                    | Total                     | 10000
flow_mgr.rows_checked                         | Total                     | 65536
flow_mgr.rows_skipped                         | Total                     | 65536
tcp.memuse                                    | Total                     | 2293760
tcp.reassembly_memuse                         | Total                     | 393216
flow.memuse                                   | Total                     | 7482176
------------------------------------------------------------------------------------
Date: 4/20/2020 -- 09:46:47 (uptime: 0d, 00h 00m 00s)
------------------------------------------------------------------------------------
Counter                                       | TM Name                   | Value
------------------------------------------------------------------------------------
decoder.pkts                                  | Total                     | 189
decoder.bytes                                 | Total                     | 84905
decoder.ipv4                                  | Total                     | 188
decoder.ethernet                              | Total                     | 189
decoder.tcp                                   | Total                     | 167
decoder.udp                                   | Total                     | 21
decoder.avg_pkt_size                          | Total                     | 449
decoder.max_pkt_size                          | Total                     | 1494
flow.tcp                                      | Total                     | 15
flow.udp                                      | Total                     | 9
tcp.sessions                                  | Total                     | 13
tcp.syn                                       | Total                     | 18
tcp.synack                                    | Total                     | 8
tcp.rst                                       | Total                     | 1
app_layer.flow.tls                            | Total                     | 8
app_layer.flow.dns_udp                        | Total                     | 8
app_layer.tx.dns_udp                          | Total                     | 16
app_layer.flow.failed_udp                     | Total                     | 1
flow.spare                                    | Total                     | 10000
flow_mgr.flows_checked                        | Total                     | 2
flow_mgr.flows_notimeout                      | Total                     | 2
flow_mgr.rows_checked                         | Total                     | 65536
flow_mgr.rows_skipped                         | Total                     | 65534
flow_mgr.rows_maxlen                          | Total                     | 1
tcp.memuse                                    | Total                     | 2293760
tcp.reassembly_memuse                         | Total                     | 393216
flow.memuse                                   | Total                     | 7482176
------------------------------------------------------------------------------------
Date: 4/20/2020 -- 09:47:44 (uptime: 0d, 00h 00m 00s)
------------------------------------------------------------------------------------
Counter                                       | TM Name                   | Value
------------------------------------------------------------------------------------
decoder.pkts                                  | Total                     | 189
decoder.bytes                                 | Total                     | 84905
decoder.ipv4                                  | Total                     | 188
decoder.ethernet                              | Total                     | 189
decoder.tcp                                   | Total                     | 167
decoder.udp                                   | Total                     | 21
decoder.avg_pkt_size                          | Total                     | 449
decoder.max_pkt_size                          | Total                     | 1494
flow.tcp                                      | Total                     | 15
flow.udp                                      | Total                     | 9
tcp.sessions                                  | Total                     | 13
tcp.syn                                       | Total                     | 18
tcp.synack                                    | Total                     | 8
tcp.rst                                       | Total                     | 1
app_layer.flow.tls                            | Total                     | 8
app_layer.flow.dns_udp                        | Total                     | 8
app_layer.tx.dns_udp                          | Total                     | 16
app_layer.flow.failed_udp                     | Total                     | 1
flow.spare                                    | Total                     | 10000
flow_mgr.flows_checked                        | Total                     | 3
flow_mgr.flows_notimeout                      | Total                     | 3
flow_mgr.rows_checked                         | Total                     | 65536
flow_mgr.rows_skipped                         | Total                     | 65533
flow_mgr.rows_maxlen                          | Total                     | 1
tcp.memuse                                    | Total                     | 2293760
tcp.reassembly_memuse                         | Total                     | 393216
flow.memuse                                   | Total                     | 7482176
------------------------------------------------------------------------------------
Date: 4/20/2020 -- 09:47:59 (uptime: 0d, 00h 00m 00s)
------------------------------------------------------------------------------------
Counter                                       | TM Name                   | Value
------------------------------------------------------------------------------------
decoder.pkts                                  | Total                     | 3206
decoder.bytes                                 | Total                     | 1168071
decoder.ipv4                                  | Total                     | 3161
decoder.ipv6                                  | Total                     | 22
decoder.ethernet                              | Total                     | 2354
decoder.null                                  | Total                     | 852
decoder.tcp                                   | Total                     | 2969
decoder.udp                                   | Total                     | 211
decoder.icmpv6                                | Total                     | 3
decoder.vlan                                  | Total                     | 34
decoder.avg_pkt_size                          | Total                     | 364
decoder.max_pkt_size                          | Total                     | 2777
flow.tcp                                      | Total                     | 181
flow.udp                                      | Total                     | 58
flow.icmpv6                                   | Total                     | 2
decoder.event.ltnull.unsupported_type         | Total                     | 2
tcp.sessions                                  | Total                     | 175
tcp.syn                                       | Total                     | 192
tcp.synack                                    | Total                     | 163
tcp.rst                                       | Total                     | 18
app_layer.flow.http                           | Total                     | 92
app_layer.tx.http                             | Total                     | 92
app_layer.flow.tls                            | Total                     | 31
app_layer.flow.ntp                            | Total                     | 1
app_layer.tx.ntp                              | Total                     | 1
app_layer.flow.failed_tcp                     | Total                     | 37
app_layer.flow.dns_udp                        | Total                     | 37
app_layer.tx.dns_udp                          | Total                     | 62
app_layer.flow.failed_udp                     | Total                     | 20
flow_mgr.closed_pruned                        | Total                     | 106
flow_mgr.new_pruned                           | Total                     | 37
flow_mgr.est_pruned                           | Total                     | 23
flow.spare                                    | Total                     | 10000
flow_mgr.flows_checked                        | Total                     | 240
flow_mgr.flows_notimeout                      | Total                     | 44
flow_mgr.flows_timeout                        | Total                     | 196
flow_mgr.flows_timeout_inuse                  | Total                     | 31
flow_mgr.flows_removed                        | Total                     | 165
flow_mgr.rows_checked                         | Total                     | 65536
flow_mgr.rows_skipped                         | Total                     | 65295
flow_mgr.rows_empty                           | Total                     | 1
flow_mgr.rows_maxlen                          | Total                     | 1
tcp.memuse                                    | Total                     | 2293760
tcp.reassembly_memuse                         | Total                     | 393216
flow.memuse                                   | Total                     | 7553352
------------------------------------------------------------------------------------
Date: 4/20/2020 -- 09:50:09 (uptime: 0d, 00h 00m 00s)
------------------------------------------------------------------------------------
Counter                                       | TM Name                   | Value
------------------------------------------------------------------------------------
decoder.pkts                                  | Total                     | 10370
decoder.bytes                                 | Total                     | 5790640
decoder.ipv4                                  | Total                     | 10341
decoder.ethernet                              | Total                     | 10370
decoder.tcp                                   | Total                     | 9948
decoder.udp                                   | Total                     | 393
decoder.avg_pkt_size                          | Total                     | 558
decoder.max_pkt_size                          | Total                     | 1502
flow.tcp                                      | Total                     | 136
flow.udp                                      | Total                     | 93
tcp.sessions                                  | Total                     | 121
tcp.syn                                       | Total                     | 209
tcp.synack                                    | Total                     | 111
tcp.rst                                       | Total                     | 54
tcp.overlap                                   | Total                     | 52
app_layer.flow.http                           | Total                     | 4
app_layer.tx.http                             | Total                     | 4
app_layer.flow.tls                            | Total                     | 104
app_layer.flow.dns_udp                        | Total                     | 80
app_layer.tx.dns_udp                          | Total                     | 160
app_layer.flow.failed_udp                     | Total                     | 13
flow_mgr.closed_pruned                        | Total                     | 12
flow_mgr.new_pruned                           | Total                     | 7
flow.spare                                    | Total                     | 10000
flow_mgr.flows_checked                        | Total                     | 49
flow_mgr.flows_notimeout                      | Total                     | 21
flow_mgr.flows_timeout                        | Total                     | 28
flow_mgr.flows_timeout_inuse                  | Total                     | 10
flow_mgr.flows_removed                        | Total                     | 18
flow_mgr.rows_checked                         | Total                     | 65536
flow_mgr.rows_skipped                         | Total                     | 65486
flow_mgr.rows_empty                           | Total                     | 1
flow_mgr.rows_maxlen                          | Total                     | 1
tcp.memuse                                    | Total                     | 2293760
tcp.reassembly_memuse                         | Total                     | 393216
flow.memuse                                   | Total                     | 7549416
------------------------------------------------------------------------------------
Date: 4/20/2020 -- 09:52:17 (uptime: 0d, 00h 00m 00s)
------------------------------------------------------------------------------------
Counter                                       | TM Name                   | Value
------------------------------------------------------------------------------------
decoder.pkts                                  | Total                     | 10370
decoder.bytes                                 | Total                     | 5790640
decoder.ipv4                                  | Total                     | 10341
decoder.ethernet                              | Total                     | 10370
decoder.tcp                                   | Total                     | 9948
decoder.udp                                   | Total                     | 393
decoder.avg_pkt_size                          | Total                     | 558
decoder.max_pkt_size                          | Total                     | 1502
flow.tcp                                      | Total                     | 136
flow.udp                                      | Total                     | 93
tcp.sessions                                  | Total                     | 121
tcp.syn                                       | Total                     | 209
tcp.synack                                    | Total                     | 111
tcp.rst                                       | Total                     | 54
tcp.overlap                                   | Total                     | 52
app_layer.flow.http                           | Total                     | 4
app_layer.tx.http                             | Total                     | 4
app_layer.flow.tls                            | Total                     | 104
app_layer.flow.dns_udp                        | Total                     | 80
app_layer.tx.dns_udp                          | Total                     | 160
app_layer.flow.failed_udp                     | Total                     | 13
flow_mgr.closed_pruned                        | Total                     | 21
flow_mgr.new_pruned                           | Total                     | 7
flow.spare                                    | Total                     | 10000
flow_mgr.flows_checked                        | Total                     | 142
flow_mgr.flows_notimeout                      | Total                     | 113
flow_mgr.flows_timeout                        | Total                     | 29
flow_mgr.flows_timeout_inuse                  | Total                     | 1
flow_mgr.flows_removed                        | Total                     | 28
flow_mgr.rows_checked                         | Total                     | 65536
flow_mgr.rows_skipped                         | Total                     | 65394
flow_mgr.rows_maxlen                          | Total                     | 1
tcp.memuse                                    | Total                     | 2293760
tcp.reassembly_memuse                         | Total                     | 393216
flow.memuse                                   | Total                     | 7549416
