[15141] 20/4/2020 -- 09:45:58 - (suricata.c:1084) <Notice> (LogVersion) -- This is Suricata version 5.0.2 RELEASE running in USER mode
[15141] 20/4/2020 -- 09:45:58 - (util-cpu.c:171) <Info> (UtilCpuPrintSummary) -- CPUs/cores online: 4
[15141] 20/4/2020 -- 09:45:58 - (util-logopenfile.c:474) <Info> (SCConfLogOpenGeneric) -- fast output device (regular) initialized: fast.log
[15141] 20/4/2020 -- 09:45:58 - (util-logopenfile.c:474) <Info> (SCConfLogOpenGeneric) -- eve-log output device (regular) initialized: eve.json
[15141] 20/4/2020 -- 09:45:58 - (util-logopenfile.c:474) <Info> (SCConfLogOpenGeneric) -- tls-log output device (regular) initialized: tls.log
[15141] 20/4/2020 -- 09:45:58 - (util-logopenfile.c:474) <Info> (SCConfLogOpenGeneric) -- stats output device (regular) initialized: stats.log
[15141] 20/4/2020 -- 09:45:58 - (detect-parse.c:800) <Error> (SigParseOptions) -- [ERRCODE: SC_ERR_INVALID_SIGNATURE(39)] - quotes on dsize keyword that doesn't support them: 'dsize'
[15141] 20/4/2020 -- 09:45:58 - (detect-engine-loader.c:185) <Error> (DetectLoadSigFile) -- [ERRCODE: SC_ERR_INVALID_SIGNATURE(39)] - error parsing signature "alert tls any any -> any any (msg:"name: 疑似传递数据|tag:疑似apt|direction:in|src:external_net|dest:home_net|level:attack|phase:exploit|severity:3|gray:true|result: null|o_msg: 疑似传递数据|failed_by:http_status_3XX,http_status_4XX"; tls_sni; dsize: "16" sid: 2020032702; rev:1;)" from file /etc/suricata/rules/fairy.rules at line 1
[15141] 20/4/2020 -- 09:45:58 - (detect-engine-loader.c:345) <Warning> (SigLoadSignatures) -- [ERRCODE: SC_ERR_NO_RULES_LOADED(43)] - 1 rule files specified, but no rule was loaded at all!
[15141] 20/4/2020 -- 09:45:58 - (util-threshold-config.c:1126) <Info> (SCThresholdConfParseFile) -- Threshold config parsed: 0 rule(s) found
[15141] 20/4/2020 -- 09:45:58 - (detect-engine-build.c:1416) <Info> (SigAddressPrepareStage1) -- 0 signatures processed. 0 are IP-only rules, 0 are inspecting packet payload, 0 inspect application layer, 0 are decoder event only
[15141] 20/4/2020 -- 09:45:58 - (tm-threads.c:2170) <Notice> (TmThreadWaitOnThreadInit) -- all 5 packet processing threads, 4 management threads initialized, engine started.
[15142] 20/4/2020 -- 09:45:58 - (source-pcap-file.c:176) <Info> (ReceivePcapFileLoop) -- Starting file run for pcaps/test.pcap
[15142] 20/4/2020 -- 09:45:58 - (source-pcap-file-helper.c:149) <Info> (PcapFileDispatch) -- pcap file pcaps/test.pcap end of file reached (pcap err code 0)
[15141] 20/4/2020 -- 09:45:58 - (suricata.c:2916) <Notice> (SuricataMainLoop) -- Signal Received.  Stopping engine.
[15141] 20/4/2020 -- 09:45:58 - (suricata.c:1103) <Info> (SCPrintElapsedTime) -- time elapsed 0.030s
[15142] 20/4/2020 -- 09:45:58 - (source-pcap-file.c:377) <Notice> (ReceivePcapFileThreadExitStats) -- Pcap-file module read 1 files, 189 packets, 84905 bytes
[15143] 20/4/2020 -- 09:45:58 - (log-tlslog.c:201) <Info> (LogTlsLogExitPrintStats) -- TLS logger logged 0 requests
[15144] 20/4/2020 -- 09:45:58 - (log-tlslog.c:201) <Info> (LogTlsLogExitPrintStats) -- TLS logger logged 2 requests
[15145] 20/4/2020 -- 09:45:58 - (log-tlslog.c:201) <Info> (LogTlsLogExitPrintStats) -- TLS logger logged 4 requests
[15146] 20/4/2020 -- 09:45:58 - (log-tlslog.c:201) <Info> (LogTlsLogExitPrintStats) -- TLS logger logged 2 requests
[15141] 20/4/2020 -- 09:45:58 - (counters.c:853) <Info> (StatsLogSummary) -- Alerts: 0
[15141] 20/4/2020 -- 09:45:58 - (detect-engine-build.c:1716) <Info> (SigAddressCleanupStage1) -- cleaning up signature grouping structure... complete
[15161] 20/4/2020 -- 09:46:29 - (suricata.c:1084) <Notice> (LogVersion) -- This is Suricata version 5.0.2 RELEASE running in USER mode
[15161] 20/4/2020 -- 09:46:29 - (util-cpu.c:171) <Info> (UtilCpuPrintSummary) -- CPUs/cores online: 4
[15161] 20/4/2020 -- 09:46:29 - (util-logopenfile.c:474) <Info> (SCConfLogOpenGeneric) -- fast output device (regular) initialized: fast.log
[15161] 20/4/2020 -- 09:46:29 - (util-logopenfile.c:474) <Info> (SCConfLogOpenGeneric) -- eve-log output device (regular) initialized: eve.json
[15161] 20/4/2020 -- 09:46:29 - (util-logopenfile.c:474) <Info> (SCConfLogOpenGeneric) -- tls-log output device (regular) initialized: tls.log
[15161] 20/4/2020 -- 09:46:29 - (util-logopenfile.c:474) <Info> (SCConfLogOpenGeneric) -- stats output device (regular) initialized: stats.log
[15161] 20/4/2020 -- 09:46:29 - (detect-parse.c:800) <Error> (SigParseOptions) -- [ERRCODE: SC_ERR_INVALID_SIGNATURE(39)] - quotes on dsize keyword that doesn't support them: 'dsize'
[15161] 20/4/2020 -- 09:46:29 - (detect-engine-loader.c:185) <Error> (DetectLoadSigFile) -- [ERRCODE: SC_ERR_INVALID_SIGNATURE(39)] - error parsing signature "alert tls any any -> any any (msg:"name: 疑似传递数据|tag:疑似apt|direction:in|src:external_net|dest:home_net|level:attack|phase:exploit|severity:3|gray:true|result: null|o_msg: 疑似传递数据|failed_by:http_status_3XX,http_status_4XX"; tls_sni; dsize: "16"; sid: 2020032702; rev:1;)" from file /etc/suricata/rules/fairy.rules at line 1
[15161] 20/4/2020 -- 09:46:29 - (detect-engine-loader.c:345) <Warning> (SigLoadSignatures) -- [ERRCODE: SC_ERR_NO_RULES_LOADED(43)] - 1 rule files specified, but no rule was loaded at all!
[15161] 20/4/2020 -- 09:46:29 - (util-threshold-config.c:1126) <Info> (SCThresholdConfParseFile) -- Threshold config parsed: 0 rule(s) found
[15161] 20/4/2020 -- 09:46:29 - (detect-engine-build.c:1416) <Info> (SigAddressPrepareStage1) -- 0 signatures processed. 0 are IP-only rules, 0 are inspecting packet payload, 0 inspect application layer, 0 are decoder event only
[15161] 20/4/2020 -- 09:46:29 - (tm-threads.c:2170) <Notice> (TmThreadWaitOnThreadInit) -- all 5 packet processing threads, 4 management threads initialized, engine started.
[15162] 20/4/2020 -- 09:46:29 - (source-pcap-file.c:176) <Info> (ReceivePcapFileLoop) -- Starting file run for pcaps/test.pcap
[15162] 20/4/2020 -- 09:46:29 - (source-pcap-file-helper.c:149) <Info> (PcapFileDispatch) -- pcap file pcaps/test.pcap end of file reached (pcap err code 0)
[15161] 20/4/2020 -- 09:46:29 - (suricata.c:2916) <Notice> (SuricataMainLoop) -- Signal Received.  Stopping engine.
[15161] 20/4/2020 -- 09:46:29 - (suricata.c:1103) <Info> (SCPrintElapsedTime) -- time elapsed 0.029s
[15162] 20/4/2020 -- 09:46:29 - (source-pcap-file.c:377) <Notice> (ReceivePcapFileThreadExitStats) -- Pcap-file module read 1 files, 189 packets, 84905 bytes
[15163] 20/4/2020 -- 09:46:29 - (log-tlslog.c:201) <Info> (LogTlsLogExitPrintStats) -- TLS logger logged 1 requests
[15164] 20/4/2020 -- 09:46:29 - (log-tlslog.c:201) <Info> (LogTlsLogExitPrintStats) -- TLS logger logged 3 requests
[15165] 20/4/2020 -- 09:46:29 - (log-tlslog.c:201) <Info> (LogTlsLogExitPrintStats) -- TLS logger logged 3 requests
[15166] 20/4/2020 -- 09:46:29 - (log-tlslog.c:201) <Info> (LogTlsLogExitPrintStats) -- TLS logger logged 1 requests
[15161] 20/4/2020 -- 09:46:29 - (counters.c:853) <Info> (StatsLogSummary) -- Alerts: 0
[15161] 20/4/2020 -- 09:46:29 - (detect-engine-build.c:1716) <Info> (SigAddressCleanupStage1) -- cleaning up signature grouping structure... complete
[15172] 20/4/2020 -- 09:46:46 - (suricata.c:1084) <Notice> (LogVersion) -- This is Suricata version 5.0.2 RELEASE running in USER mode
[15172] 20/4/2020 -- 09:46:46 - (util-cpu.c:171) <Info> (UtilCpuPrintSummary) -- CPUs/cores online: 4
[15172] 20/4/2020 -- 09:46:47 - (util-logopenfile.c:474) <Info> (SCConfLogOpenGeneric) -- fast output device (regular) initialized: fast.log
[15172] 20/4/2020 -- 09:46:47 - (util-logopenfile.c:474) <Info> (SCConfLogOpenGeneric) -- eve-log output device (regular) initialized: eve.json
[15172] 20/4/2020 -- 09:46:47 - (util-logopenfile.c:474) <Info> (SCConfLogOpenGeneric) -- tls-log output device (regular) initialized: tls.log
[15172] 20/4/2020 -- 09:46:47 - (util-logopenfile.c:474) <Info> (SCConfLogOpenGeneric) -- stats output device (regular) initialized: stats.log
[15172] 20/4/2020 -- 09:46:47 - (detect-parse.c:1642) <Error> (SigValidate) -- [ERRCODE: SC_ERR_INVALID_SIGNATURE(39)] - rule 2020032702 setup buffer tls.sni but didn't add matches to it
[15172] 20/4/2020 -- 09:46:47 - (detect-engine-loader.c:185) <Error> (DetectLoadSigFile) -- [ERRCODE: SC_ERR_INVALID_SIGNATURE(39)] - error parsing signature "alert tls any any -> any any (msg:"name: 疑似传递数据|tag:疑似apt|direction:in|src:external_net|dest:home_net|level:attack|phase:exploit|severity:3|gray:true|result: null|o_msg: 疑似传递数据|failed_by:http_status_3XX,http_status_4XX"; tls_sni; dsize: 16; sid: 2020032702; rev:1;)" from file /etc/suricata/rules/fairy.rules at line 1
[15172] 20/4/2020 -- 09:46:47 - (detect-engine-loader.c:345) <Warning> (SigLoadSignatures) -- [ERRCODE: SC_ERR_NO_RULES_LOADED(43)] - 1 rule files specified, but no rule was loaded at all!
[15172] 20/4/2020 -- 09:46:47 - (util-threshold-config.c:1126) <Info> (SCThresholdConfParseFile) -- Threshold config parsed: 0 rule(s) found
[15172] 20/4/2020 -- 09:46:47 - (detect-engine-build.c:1416) <Info> (SigAddressPrepareStage1) -- 0 signatures processed. 0 are IP-only rules, 0 are inspecting packet payload, 0 inspect application layer, 0 are decoder event only
[15172] 20/4/2020 -- 09:46:47 - (tm-threads.c:2170) <Notice> (TmThreadWaitOnThreadInit) -- all 5 packet processing threads, 4 management threads initialized, engine started.
[15173] 20/4/2020 -- 09:46:47 - (source-pcap-file.c:176) <Info> (ReceivePcapFileLoop) -- Starting file run for pcaps/test.pcap
[15173] 20/4/2020 -- 09:46:47 - (source-pcap-file-helper.c:149) <Info> (PcapFileDispatch) -- pcap file pcaps/test.pcap end of file reached (pcap err code 0)
[15172] 20/4/2020 -- 09:46:47 - (suricata.c:2916) <Notice> (SuricataMainLoop) -- Signal Received.  Stopping engine.
[15172] 20/4/2020 -- 09:46:47 - (suricata.c:1103) <Info> (SCPrintElapsedTime) -- time elapsed 0.028s
[15173] 20/4/2020 -- 09:46:47 - (source-pcap-file.c:377) <Notice> (ReceivePcapFileThreadExitStats) -- Pcap-file module read 1 files, 189 packets, 84905 bytes
[15174] 20/4/2020 -- 09:46:47 - (log-tlslog.c:201) <Info> (LogTlsLogExitPrintStats) -- TLS logger logged 2 requests
[15175] 20/4/2020 -- 09:46:47 - (log-tlslog.c:201) <Info> (LogTlsLogExitPrintStats) -- TLS logger logged 0 requests
[15176] 20/4/2020 -- 09:46:47 - (log-tlslog.c:201) <Info> (LogTlsLogExitPrintStats) -- TLS logger logged 3 requests
[15177] 20/4/2020 -- 09:46:47 - (log-tlslog.c:201) <Info> (LogTlsLogExitPrintStats) -- TLS logger logged 3 requests
[15172] 20/4/2020 -- 09:46:47 - (counters.c:853) <Info> (StatsLogSummary) -- Alerts: 0
[15172] 20/4/2020 -- 09:46:47 - (detect-engine-build.c:1716) <Info> (SigAddressCleanupStage1) -- cleaning up signature grouping structure... complete
[15184] 20/4/2020 -- 09:47:44 - (suricata.c:1084) <Notice> (LogVersion) -- This is Suricata version 5.0.2 RELEASE running in USER mode
[15184] 20/4/2020 -- 09:47:44 - (util-cpu.c:171) <Info> (UtilCpuPrintSummary) -- CPUs/cores online: 4
[15184] 20/4/2020 -- 09:47:44 - (util-logopenfile.c:474) <Info> (SCConfLogOpenGeneric) -- fast output device (regular) initialized: fast.log
[15184] 20/4/2020 -- 09:47:44 - (util-logopenfile.c:474) <Info> (SCConfLogOpenGeneric) -- eve-log output device (regular) initialized: eve.json
[15184] 20/4/2020 -- 09:47:44 - (util-logopenfile.c:474) <Info> (SCConfLogOpenGeneric) -- tls-log output device (regular) initialized: tls.log
[15184] 20/4/2020 -- 09:47:44 - (util-logopenfile.c:474) <Info> (SCConfLogOpenGeneric) -- stats output device (regular) initialized: stats.log
[15184] 20/4/2020 -- 09:47:44 - (detect-engine-loader.c:353) <Info> (SigLoadSignatures) -- 1 rule files processed. 1 rules successfully loaded, 0 rules failed
[15184] 20/4/2020 -- 09:47:44 - (util-threshold-config.c:1126) <Info> (SCThresholdConfParseFile) -- Threshold config parsed: 0 rule(s) found
[15184] 20/4/2020 -- 09:47:44 - (detect-engine-build.c:1416) <Info> (SigAddressPrepareStage1) -- 1 signatures processed. 0 are IP-only rules, 0 are inspecting packet payload, 1 inspect application layer, 0 are decoder event only
[15184] 20/4/2020 -- 09:47:44 - (tm-threads.c:2170) <Notice> (TmThreadWaitOnThreadInit) -- all 5 packet processing threads, 4 management threads initialized, engine started.
[15185] 20/4/2020 -- 09:47:44 - (source-pcap-file.c:176) <Info> (ReceivePcapFileLoop) -- Starting file run for pcaps/test.pcap
[15185] 20/4/2020 -- 09:47:44 - (source-pcap-file-helper.c:149) <Info> (PcapFileDispatch) -- pcap file pcaps/test.pcap end of file reached (pcap err code 0)
[15184] 20/4/2020 -- 09:47:44 - (suricata.c:2916) <Notice> (SuricataMainLoop) -- Signal Received.  Stopping engine.
[15184] 20/4/2020 -- 09:47:44 - (suricata.c:1103) <Info> (SCPrintElapsedTime) -- time elapsed 0.030s
[15185] 20/4/2020 -- 09:47:44 - (source-pcap-file.c:377) <Notice> (ReceivePcapFileThreadExitStats) -- Pcap-file module read 1 files, 189 packets, 84905 bytes
[15186] 20/4/2020 -- 09:47:44 - (log-tlslog.c:201) <Info> (LogTlsLogExitPrintStats) -- TLS logger logged 2 requests
[15187] 20/4/2020 -- 09:47:44 - (log-tlslog.c:201) <Info> (LogTlsLogExitPrintStats) -- TLS logger logged 3 requests
[15188] 20/4/2020 -- 09:47:44 - (log-tlslog.c:201) <Info> (LogTlsLogExitPrintStats) -- TLS logger logged 1 requests
[15189] 20/4/2020 -- 09:47:44 - (log-tlslog.c:201) <Info> (LogTlsLogExitPrintStats) -- TLS logger logged 2 requests
[15184] 20/4/2020 -- 09:47:44 - (counters.c:853) <Info> (StatsLogSummary) -- Alerts: 0
[15184] 20/4/2020 -- 09:47:44 - (detect-engine-build.c:1716) <Info> (SigAddressCleanupStage1) -- cleaning up signature grouping structure... complete
[15195] 20/4/2020 -- 09:47:59 - (suricata.c:1084) <Notice> (LogVersion) -- This is Suricata version 5.0.2 RELEASE running in USER mode
[15195] 20/4/2020 -- 09:47:59 - (util-cpu.c:171) <Info> (UtilCpuPrintSummary) -- CPUs/cores online: 4
[15195] 20/4/2020 -- 09:47:59 - (util-logopenfile.c:474) <Info> (SCConfLogOpenGeneric) -- fast output device (regular) initialized: fast.log
[15195] 20/4/2020 -- 09:47:59 - (util-logopenfile.c:474) <Info> (SCConfLogOpenGeneric) -- eve-log output device (regular) initialized: eve.json
[15195] 20/4/2020 -- 09:47:59 - (util-logopenfile.c:474) <Info> (SCConfLogOpenGeneric) -- tls-log output device (regular) initialized: tls.log
[15195] 20/4/2020 -- 09:47:59 - (util-logopenfile.c:474) <Info> (SCConfLogOpenGeneric) -- stats output device (regular) initialized: stats.log
[15195] 20/4/2020 -- 09:47:59 - (detect-engine-loader.c:353) <Info> (SigLoadSignatures) -- 1 rule files processed. 1 rules successfully loaded, 0 rules failed
[15195] 20/4/2020 -- 09:47:59 - (util-threshold-config.c:1126) <Info> (SCThresholdConfParseFile) -- Threshold config parsed: 0 rule(s) found
[15195] 20/4/2020 -- 09:47:59 - (detect-engine-build.c:1416) <Info> (SigAddressPrepareStage1) -- 1 signatures processed. 0 are IP-only rules, 0 are inspecting packet payload, 1 inspect application layer, 0 are decoder event only
[15196] 20/4/2020 -- 09:47:59 - (source-pcap-file.c:279) <Info> (ReceivePcapFileThreadInit) -- Argument pcaps was a directory
[15195] 20/4/2020 -- 09:47:59 - (tm-threads.c:2170) <Notice> (TmThreadWaitOnThreadInit) -- all 5 packet processing threads, 4 management threads initialized, engine started.
[15196] 20/4/2020 -- 09:47:59 - (source-pcap-file.c:180) <Info> (ReceivePcapFileLoop) -- Starting directory run for pcaps
[15196] 20/4/2020 -- 09:47:59 - (source-pcap-file-directory-helper.c:517) <Info> (PcapDirectoryDispatch) -- Processing pcaps directory pcaps, files must be newer than 0 and older than 18446744073709550616
[15196] 20/4/2020 -- 09:47:59 - (source-pcap-file-directory-helper.c:385) <Info> (PcapDirectoryPopulateBuffer) -- Found "pcaps/redis_blast.pcap" at 1587115096306
[15196] 20/4/2020 -- 09:47:59 - (source-pcap-file-directory-helper.c:385) <Info> (PcapDirectoryPopulateBuffer) -- Found "pcaps/CVE-2019-2888.pcap" at 1586780398213
[15196] 20/4/2020 -- 09:47:59 - (source-pcap-file-directory-helper.c:385) <Info> (PcapDirectoryPopulateBuffer) -- Found "pcaps/cve_2020_2555.pcap" at 1586862675673
[15196] 20/4/2020 -- 09:47:59 - (source-pcap-file-directory-helper.c:385) <Info> (PcapDirectoryPopulateBuffer) -- Found "pcaps/mimikatz.pcap" at 1587375648353
[15196] 20/4/2020 -- 09:47:59 - (source-pcap-file-directory-helper.c:385) <Info> (PcapDirectoryPopulateBuffer) -- Found "pcaps/test.pcap" at 1587375658289
[15196] 20/4/2020 -- 09:47:59 - (source-pcap-file-directory-helper.c:385) <Info> (PcapDirectoryPopulateBuffer) -- Found "pcaps/CVE-2016-0638_success.pcap" at 1586862675617
[15196] 20/4/2020 -- 09:47:59 - (source-pcap-file-directory-helper.c:385) <Info> (PcapDirectoryPopulateBuffer) -- Found "pcaps/jrmp.pcap" at 1586862675673
[15196] 20/4/2020 -- 09:47:59 - (source-pcap-file-directory-helper.c:385) <Info> (PcapDirectoryPopulateBuffer) -- Found "pcaps/TDP_exploit_ThinkCMF+任意内容包含漏洞_067834B97DAF0606840050DDB2-82034.pcap" at 1587375658289
[15196] 20/4/2020 -- 09:47:59 - (source-pcap-file-directory-helper.c:385) <Info> (PcapDirectoryPopulateBuffer) -- Found "pcaps/CVE-2019-2648.pcap" at 1586780398209
[15196] 20/4/2020 -- 09:47:59 - (source-pcap-file-directory-helper.c:385) <Info> (PcapDirectoryPopulateBuffer) -- Found "pcaps/CVE-2017-3248.pcap" at 1586862675617
[15196] 20/4/2020 -- 09:47:59 - (source-pcap-file-directory-helper.c:385) <Info> (PcapDirectoryPopulateBuffer) -- Found "pcaps/CVE-2016-3510.pcap" at 1586862675617
[15196] 20/4/2020 -- 09:47:59 - (source-pcap-file-directory-helper.c:385) <Info> (PcapDirectoryPopulateBuffer) -- Found "pcaps/CVE-2019-2649.pcap" at 1586780398213
[15196] 20/4/2020 -- 09:47:59 - (source-pcap-file-directory-helper.c:385) <Info> (PcapDirectoryPopulateBuffer) -- Found "pcaps/CVE-2019-2650.pcap" at 1586780398213
[15196] 20/4/2020 -- 09:47:59 - (source-pcap-file-directory-helper.c:385) <Info> (PcapDirectoryPopulateBuffer) -- Found "pcaps/CVE-2019-2647.pcap" at 1586780398209
[15196] 20/4/2020 -- 09:47:59 - (source-pcap-file-directory-helper.c:385) <Info> (PcapDirectoryPopulateBuffer) -- Found "pcaps/CVE-2016-0638.pcap" at 1586862675613
[15196] 20/4/2020 -- 09:47:59 - (source-pcap-file-directory-helper.c:385) <Info> (PcapDirectoryPopulateBuffer) -- Found "pcaps/all.pcap" at 1586862675629
[15196] 20/4/2020 -- 09:47:59 - (source-pcap-file-helper.c:149) <Info> (PcapFileDispatch) -- pcap file pcaps/CVE-2019-2648.pcap end of file reached (pcap err code 0)
[15196] 20/4/2020 -- 09:47:59 - (source-pcap-file-directory-helper.c:469) <Info> (PcapDirectoryDispatchForTimeRange) -- Processed file pcaps/CVE-2019-2648.pcap, processed up to 1586780398209
[15196] 20/4/2020 -- 09:47:59 - (source-pcap-file-helper.c:149) <Info> (PcapFileDispatch) -- pcap file pcaps/CVE-2019-2647.pcap end of file reached (pcap err code 0)
[15196] 20/4/2020 -- 09:47:59 - (source-pcap-file-directory-helper.c:469) <Info> (PcapDirectoryDispatchForTimeRange) -- Processed file pcaps/CVE-2019-2647.pcap, processed up to 1586780398209
[15196] 20/4/2020 -- 09:47:59 - (source-pcap-file-helper.c:149) <Info> (PcapFileDispatch) -- pcap file pcaps/CVE-2019-2888.pcap end of file reached (pcap err code 0)
[15196] 20/4/2020 -- 09:47:59 - (source-pcap-file-directory-helper.c:469) <Info> (PcapDirectoryDispatchForTimeRange) -- Processed file pcaps/CVE-2019-2888.pcap, processed up to 1586780398213
[15196] 20/4/2020 -- 09:47:59 - (source-pcap-file-helper.c:149) <Info> (PcapFileDispatch) -- pcap file pcaps/CVE-2019-2649.pcap end of file reached (pcap err code 0)
[15196] 20/4/2020 -- 09:47:59 - (source-pcap-file-directory-helper.c:469) <Info> (PcapDirectoryDispatchForTimeRange) -- Processed file pcaps/CVE-2019-2649.pcap, processed up to 1586780398213
[15196] 20/4/2020 -- 09:47:59 - (source-pcap-file-helper.c:149) <Info> (PcapFileDispatch) -- pcap file pcaps/CVE-2019-2650.pcap end of file reached (pcap err code 0)
[15196] 20/4/2020 -- 09:47:59 - (source-pcap-file-directory-helper.c:469) <Info> (PcapDirectoryDispatchForTimeRange) -- Processed file pcaps/CVE-2019-2650.pcap, processed up to 1586780398213
[15196] 20/4/2020 -- 09:47:59 - (source-pcap-file-helper.c:149) <Info> (PcapFileDispatch) -- pcap file pcaps/CVE-2016-0638.pcap end of file reached (pcap err code 0)
[15196] 20/4/2020 -- 09:47:59 - (source-pcap-file-directory-helper.c:469) <Info> (PcapDirectoryDispatchForTimeRange) -- Processed file pcaps/CVE-2016-0638.pcap, processed up to 1586862675613
[15196] 20/4/2020 -- 09:47:59 - (source-pcap-file-helper.c:149) <Info> (PcapFileDispatch) -- pcap file pcaps/CVE-2016-0638_success.pcap end of file reached (pcap err code 0)
[15196] 20/4/2020 -- 09:47:59 - (source-pcap-file-directory-helper.c:469) <Info> (PcapDirectoryDispatchForTimeRange) -- Processed file pcaps/CVE-2016-0638_success.pcap, processed up to 1586862675617
[15196] 20/4/2020 -- 09:47:59 - (source-pcap-file-helper.c:149) <Info> (PcapFileDispatch) -- pcap file pcaps/CVE-2017-3248.pcap end of file reached (pcap err code 0)
[15196] 20/4/2020 -- 09:47:59 - (source-pcap-file-directory-helper.c:469) <Info> (PcapDirectoryDispatchForTimeRange) -- Processed file pcaps/CVE-2017-3248.pcap, processed up to 1586862675617
[15196] 20/4/2020 -- 09:47:59 - (source-pcap-file-helper.c:149) <Info> (PcapFileDispatch) -- pcap file pcaps/CVE-2016-3510.pcap end of file reached (pcap err code 0)
[15196] 20/4/2020 -- 09:47:59 - (source-pcap-file-directory-helper.c:469) <Info> (PcapDirectoryDispatchForTimeRange) -- Processed file pcaps/CVE-2016-3510.pcap, processed up to 1586862675617
[15196] 20/4/2020 -- 09:47:59 - (util-checksum.c:89) <Info> (ChecksumAutoModeCheck) -- No packets with invalid checksum, assuming checksum offloading is NOT used
[15196] 20/4/2020 -- 09:47:59 - (source-pcap-file-helper.c:149) <Info> (PcapFileDispatch) -- pcap file pcaps/all.pcap end of file reached (pcap err code 0)
[15196] 20/4/2020 -- 09:47:59 - (source-pcap-file-directory-helper.c:469) <Info> (PcapDirectoryDispatchForTimeRange) -- Processed file pcaps/all.pcap, processed up to 1586862675629
[15196] 20/4/2020 -- 09:47:59 - (source-pcap-file-helper.c:149) <Info> (PcapFileDispatch) -- pcap file pcaps/cve_2020_2555.pcap end of file reached (pcap err code 0)
[15196] 20/4/2020 -- 09:47:59 - (source-pcap-file-directory-helper.c:469) <Info> (PcapDirectoryDispatchForTimeRange) -- Processed file pcaps/cve_2020_2555.pcap, processed up to 1586862675673
[15196] 20/4/2020 -- 09:47:59 - (source-pcap-file-helper.c:149) <Info> (PcapFileDispatch) -- pcap file pcaps/jrmp.pcap end of file reached (pcap err code 0)
[15196] 20/4/2020 -- 09:47:59 - (source-pcap-file-directory-helper.c:469) <Info> (PcapDirectoryDispatchForTimeRange) -- Processed file pcaps/jrmp.pcap, processed up to 1586862675673
[15196] 20/4/2020 -- 09:47:59 - (source-pcap-file-helper.c:149) <Info> (PcapFileDispatch) -- pcap file pcaps/redis_blast.pcap end of file reached (pcap err code 0)
[15196] 20/4/2020 -- 09:47:59 - (source-pcap-file-directory-helper.c:469) <Info> (PcapDirectoryDispatchForTimeRange) -- Processed file pcaps/redis_blast.pcap, processed up to 1587115096306
[15196] 20/4/2020 -- 09:47:59 - (source-pcap-file-helper.c:149) <Info> (PcapFileDispatch) -- pcap file pcaps/mimikatz.pcap end of file reached (pcap err code 0)
[15196] 20/4/2020 -- 09:47:59 - (source-pcap-file-directory-helper.c:469) <Info> (PcapDirectoryDispatchForTimeRange) -- Processed file pcaps/mimikatz.pcap, processed up to 1587375648353
[15196] 20/4/2020 -- 09:47:59 - (source-pcap-file-helper.c:149) <Info> (PcapFileDispatch) -- pcap file pcaps/test.pcap end of file reached (pcap err code 0)
[15196] 20/4/2020 -- 09:47:59 - (source-pcap-file-directory-helper.c:469) <Info> (PcapDirectoryDispatchForTimeRange) -- Processed file pcaps/test.pcap, processed up to 1587375658289
[15196] 20/4/2020 -- 09:47:59 - (source-pcap-file-helper.c:149) <Info> (PcapFileDispatch) -- pcap file pcaps/TDP_exploit_ThinkCMF+任意内容包含漏洞_067834B97DAF0606840050DDB2-82034.pcap end of file reached (pcap err code 0)
[15196] 20/4/2020 -- 09:47:59 - (source-pcap-file-directory-helper.c:469) <Info> (PcapDirectoryDispatchForTimeRange) -- Processed file pcaps/TDP_exploit_ThinkCMF+任意内容包含漏洞_067834B97DAF0606840050DDB2-82034.pcap, processed up to 1587375658289
[15196] 20/4/2020 -- 09:47:59 - (source-pcap-file-directory-helper.c:485) <Info> (PcapDirectoryDispatchForTimeRange) -- Updating processed to 1587375658289
[15196] 20/4/2020 -- 09:47:59 - (source-pcap-file-directory-helper.c:548) <Info> (PcapDirectoryDispatch) -- Directory run mode complete
[15195] 20/4/2020 -- 09:47:59 - (suricata.c:2916) <Notice> (SuricataMainLoop) -- Signal Received.  Stopping engine.
[15195] 20/4/2020 -- 09:47:59 - (suricata.c:1103) <Info> (SCPrintElapsedTime) -- time elapsed 0.030s
[15196] 20/4/2020 -- 09:47:59 - (source-pcap-file.c:377) <Notice> (ReceivePcapFileThreadExitStats) -- Pcap-file module read 16 files, 3206 packets, 1168071 bytes
[15197] 20/4/2020 -- 09:47:59 - (log-tlslog.c:201) <Info> (LogTlsLogExitPrintStats) -- TLS logger logged 8 requests
[15198] 20/4/2020 -- 09:47:59 - (log-tlslog.c:201) <Info> (LogTlsLogExitPrintStats) -- TLS logger logged 4 requests
[15199] 20/4/2020 -- 09:47:59 - (log-tlslog.c:201) <Info> (LogTlsLogExitPrintStats) -- TLS logger logged 11 requests
[15200] 20/4/2020 -- 09:47:59 - (log-tlslog.c:201) <Info> (LogTlsLogExitPrintStats) -- TLS logger logged 8 requests
[15195] 20/4/2020 -- 09:47:59 - (counters.c:853) <Info> (StatsLogSummary) -- Alerts: 0
[15195] 20/4/2020 -- 09:47:59 - (detect-engine-build.c:1716) <Info> (SigAddressCleanupStage1) -- cleaning up signature grouping structure... complete
[15289] 20/4/2020 -- 09:50:09 - (suricata.c:1084) <Notice> (LogVersion) -- This is Suricata version 5.0.2 RELEASE running in USER mode
[15289] 20/4/2020 -- 09:50:09 - (util-cpu.c:171) <Info> (UtilCpuPrintSummary) -- CPUs/cores online: 4
[15289] 20/4/2020 -- 09:50:09 - (util-logopenfile.c:474) <Info> (SCConfLogOpenGeneric) -- fast output device (regular) initialized: fast.log
[15289] 20/4/2020 -- 09:50:09 - (util-logopenfile.c:474) <Info> (SCConfLogOpenGeneric) -- eve-log output device (regular) initialized: eve.json
[15289] 20/4/2020 -- 09:50:09 - (util-logopenfile.c:474) <Info> (SCConfLogOpenGeneric) -- tls-log output device (regular) initialized: tls.log
[15289] 20/4/2020 -- 09:50:09 - (util-logopenfile.c:474) <Info> (SCConfLogOpenGeneric) -- stats output device (regular) initialized: stats.log
[15289] 20/4/2020 -- 09:50:09 - (detect-engine-loader.c:353) <Info> (SigLoadSignatures) -- 1 rule files processed. 1 rules successfully loaded, 0 rules failed
[15289] 20/4/2020 -- 09:50:09 - (util-threshold-config.c:1126) <Info> (SCThresholdConfParseFile) -- Threshold config parsed: 0 rule(s) found
[15289] 20/4/2020 -- 09:50:09 - (detect-engine-build.c:1416) <Info> (SigAddressPrepareStage1) -- 1 signatures processed. 0 are IP-only rules, 0 are inspecting packet payload, 1 inspect application layer, 0 are decoder event only
[15289] 20/4/2020 -- 09:50:09 - (tm-threads.c:2170) <Notice> (TmThreadWaitOnThreadInit) -- all 5 packet processing threads, 4 management threads initialized, engine started.
[15290] 20/4/2020 -- 09:50:09 - (source-pcap-file.c:176) <Info> (ReceivePcapFileLoop) -- Starting file run for pcaps/fairy.pcap
[15290] 20/4/2020 -- 09:50:09 - (util-checksum.c:89) <Info> (ChecksumAutoModeCheck) -- No packets with invalid checksum, assuming checksum offloading is NOT used
[15290] 20/4/2020 -- 09:50:09 - (source-pcap-file-helper.c:149) <Info> (PcapFileDispatch) -- pcap file pcaps/fairy.pcap end of file reached (pcap err code 0)
[15289] 20/4/2020 -- 09:50:09 - (suricata.c:2916) <Notice> (SuricataMainLoop) -- Signal Received.  Stopping engine.
[15289] 20/4/2020 -- 09:50:09 - (suricata.c:1103) <Info> (SCPrintElapsedTime) -- time elapsed 0.080s
[15290] 20/4/2020 -- 09:50:09 - (source-pcap-file.c:377) <Notice> (ReceivePcapFileThreadExitStats) -- Pcap-file module read 1 files, 10370 packets, 5790640 bytes
[15291] 20/4/2020 -- 09:50:09 - (log-tlslog.c:201) <Info> (LogTlsLogExitPrintStats) -- TLS logger logged 40 requests
[15292] 20/4/2020 -- 09:50:09 - (log-tlslog.c:201) <Info> (LogTlsLogExitPrintStats) -- TLS logger logged 26 requests
[15293] 20/4/2020 -- 09:50:09 - (log-tlslog.c:201) <Info> (LogTlsLogExitPrintStats) -- TLS logger logged 22 requests
[15294] 20/4/2020 -- 09:50:09 - (log-tlslog.c:201) <Info> (LogTlsLogExitPrintStats) -- TLS logger logged 17 requests
[15289] 20/4/2020 -- 09:50:09 - (counters.c:853) <Info> (StatsLogSummary) -- Alerts: 0
[15289] 20/4/2020 -- 09:50:09 - (detect-engine-build.c:1716) <Info> (SigAddressCleanupStage1) -- cleaning up signature grouping structure... complete
[15301] 20/4/2020 -- 09:52:17 - (suricata.c:1084) <Notice> (LogVersion) -- This is Suricata version 5.0.2 RELEASE running in USER mode
[15301] 20/4/2020 -- 09:52:17 - (util-cpu.c:171) <Info> (UtilCpuPrintSummary) -- CPUs/cores online: 4
[15301] 20/4/2020 -- 09:52:17 - (util-logopenfile.c:474) <Info> (SCConfLogOpenGeneric) -- fast output device (regular) initialized: fast.log
[15301] 20/4/2020 -- 09:52:17 - (util-logopenfile.c:474) <Info> (SCConfLogOpenGeneric) -- eve-log output device (regular) initialized: eve.json
[15301] 20/4/2020 -- 09:52:17 - (util-logopenfile.c:474) <Info> (SCConfLogOpenGeneric) -- tls-log output device (regular) initialized: tls.log
[15301] 20/4/2020 -- 09:52:17 - (util-logopenfile.c:474) <Info> (SCConfLogOpenGeneric) -- stats output device (regular) initialized: stats.log
[15301] 20/4/2020 -- 09:52:17 - (detect-parse.c:1755) <Error> (SigValidate) -- [ERRCODE: SC_ERR_INVALID_SIGNATURE(39)] - Signature combines packet specific matches (like dsize, flags, ttl) with stream / state matching by matching on app layer proto (like using http_* keywords).
[15301] 20/4/2020 -- 09:52:17 - (detect-engine-loader.c:185) <Error> (DetectLoadSigFile) -- [ERRCODE: SC_ERR_INVALID_SIGNATURE(39)] - error parsing signature "alert tls any any -> any any (msg:"name: 疑似传递数据|tag:疑似apt|direction:in|src:external_net|dest:home_net|level:attack|phase:exploit|severity:3|gray:true|result: null|o_msg: 疑似传递数据"; tls_sni; content: !"."; dsize: 16; sid: 2020042001; rev:1;)" from file /etc/suricata/rules/fairy.rules at line 1
[15301] 20/4/2020 -- 09:52:17 - (detect-engine-loader.c:345) <Warning> (SigLoadSignatures) -- [ERRCODE: SC_ERR_NO_RULES_LOADED(43)] - 1 rule files specified, but no rule was loaded at all!
[15301] 20/4/2020 -- 09:52:17 - (util-threshold-config.c:1126) <Info> (SCThresholdConfParseFile) -- Threshold config parsed: 0 rule(s) found
[15301] 20/4/2020 -- 09:52:17 - (detect-engine-build.c:1416) <Info> (SigAddressPrepareStage1) -- 0 signatures processed. 0 are IP-only rules, 0 are inspecting packet payload, 0 inspect application layer, 0 are decoder event only
[15301] 20/4/2020 -- 09:52:17 - (tm-threads.c:2170) <Notice> (TmThreadWaitOnThreadInit) -- all 5 packet processing threads, 4 management threads initialized, engine started.
[15302] 20/4/2020 -- 09:52:17 - (source-pcap-file.c:176) <Info> (ReceivePcapFileLoop) -- Starting file run for pcaps/fairy.pcap
[15302] 20/4/2020 -- 09:52:17 - (util-checksum.c:89) <Info> (ChecksumAutoModeCheck) -- No packets with invalid checksum, assuming checksum offloading is NOT used
[15302] 20/4/2020 -- 09:52:17 - (source-pcap-file-helper.c:149) <Info> (PcapFileDispatch) -- pcap file pcaps/fairy.pcap end of file reached (pcap err code 0)
[15301] 20/4/2020 -- 09:52:17 - (suricata.c:2916) <Notice> (SuricataMainLoop) -- Signal Received.  Stopping engine.
[15301] 20/4/2020 -- 09:52:17 - (suricata.c:1103) <Info> (SCPrintElapsedTime) -- time elapsed 0.040s
[15302] 20/4/2020 -- 09:52:17 - (source-pcap-file.c:377) <Notice> (ReceivePcapFileThreadExitStats) -- Pcap-file module read 1 files, 10370 packets, 5790640 bytes
[15303] 20/4/2020 -- 09:52:17 - (log-tlslog.c:201) <Info> (LogTlsLogExitPrintStats) -- TLS logger logged 31 requests
[15304] 20/4/2020 -- 09:52:17 - (log-tlslog.c:201) <Info> (LogTlsLogExitPrintStats) -- TLS logger logged 25 requests
[15305] 20/4/2020 -- 09:52:17 - (log-tlslog.c:201) <Info> (LogTlsLogExitPrintStats) -- TLS logger logged 24 requests
[15306] 20/4/2020 -- 09:52:17 - (log-tlslog.c:201) <Info> (LogTlsLogExitPrintStats) -- TLS logger logged 25 requests
[15301] 20/4/2020 -- 09:52:17 - (counters.c:853) <Info> (StatsLogSummary) -- Alerts: 0
[15301] 20/4/2020 -- 09:52:17 - (detect-engine-build.c:1716) <Info> (SigAddressCleanupStage1) -- cleaning up signature grouping structure... complete
